Case #1: 1 0
Case #2: 1 0
Case #3: 1 1
Case #4: 0 0
Case #5: 500 499
Case #6: 0 0
Case #7: 1 0
Case #8: 1 1
Case #9: 3906 3905
Case #10: 0 0
Case #11: 0 0
Case #12: 1 1
Case #13: 500000 499999
Case #14: 3 2
Case #15: 0 0
Case #16: 1953 1952
Case #17: 0 0
Case #18: 1 0
Case #19: 7812 7811
Case #20: 0 0
Case #21: 0 0
Case #22: 0 0
Case #23: 0 0
Case #24: 0 0
Case #25: 0 0
Case #26: 1 1
Case #27: 0 0
Case #28: 0 0
Case #29: 7812 7811
Case #30: 0 0
Case #31: 0 0
Case #32: 1 1
Case #33: 0 0
Case #34: 0 0
Case #35: 0 0
Case #36: 0 0
Case #37: 2 1
Case #38: 0 0
Case #39: 1 0
Case #40: 0 0
Case #41: 0 0
Case #42: 1 1
Case #43: 1 0
Case #44: 0 0
Case #45: 499999 499999
Case #46: 249999 249999
Case #47: 0 0
Case #48: 0 0
Case #49: 0 0
Case #50: 0 0
Case #51: 1 1
Case #52: 1 1
Case #53: 0 0
Case #54: 125000 124999
Case #55: 0 0
Case #56: 1 0
Case #57: 3905 3905
Case #58: 0 0
Case #59: 3 2
Case #60: 250000 249999
Case #61: 0 0
Case #62: 3 2
Case #63: 1 0
Case #64: 0 0
Case #65: 0 0
Case #66: 1 0
Case #67: 0 0
Case #68: 3906 3905
Case #69: 1 0
Case #70: 0 0
Case #71: 1 0
Case #72: 1 1
Case #73: 250000 249999
Case #74: 0 0
Case #75: 0 0
Case #76: 0 0
Case #77: 0 0
Case #78: 2 2
Case #79: 1 0
Case #80: 1 0
Case #81: 0 0
Case #82: 1 0
Case #83: 0 0
Case #84: 0 0
Case #85: 0 0
Case #86: 1 0
Case #87: 1 0
Case #88: 1 0
Case #89: 1 1
Case #90: 0 0
Case #91: 1 1
Case #92: 0 0
Case #93: 0 0
Case #94: 0 0
Case #95: 1 0
Case #96: 0 0
Case #97: 0 0
Case #98: 1 0
Case #99: 1 0
Case #100: 1 0
